10/1/2014 1:00:28 PM	This log contains information about the import schema operation into project 'Database' on computer 'NATALLIA-NOTE' by user 'Natallia'.
10/1/2014 1:00:29 PM	Import of database schema has started.
10/1/2014 1:00:35 PM	Gathering database options
10/1/2014 1:00:35 PM	Gathering users
10/1/2014 1:00:35 PM	Gathering roles
10/1/2014 1:00:35 PM	Gathering application roles
10/1/2014 1:00:35 PM	Gathering role memberships
10/1/2014 1:00:35 PM	Gathering filegroups
10/1/2014 1:00:35 PM	Gathering full-text catalogs
10/1/2014 1:00:35 PM	Gathering assemblies
10/1/2014 1:00:35 PM	Gathering certificates
10/1/2014 1:00:35 PM	Gathering asymmetric keys
10/1/2014 1:00:35 PM	Gathering symmetric keys
10/1/2014 1:00:35 PM	Gathering encrypted symmetric keys
10/1/2014 1:00:35 PM	Gathering schemas
10/1/2014 1:00:35 PM	Gathering XML schema collections
10/1/2014 1:00:35 PM	Gathering user-defined data types
10/1/2014 1:00:35 PM	Gathering user-defined types
10/1/2014 1:00:35 PM	Gathering table types
10/1/2014 1:00:35 PM	Gathering unique keys for table types
10/1/2014 1:00:35 PM	Gathering primary keys for table types
10/1/2014 1:00:35 PM	Gathering check constraints for table types
10/1/2014 1:00:35 PM	Gathering default constraints for table types
10/1/2014 1:00:35 PM	Gathering partition functions
10/1/2014 1:00:35 PM	Gathering partition schemes
10/1/2014 1:00:35 PM	Gathering functions
10/1/2014 1:00:35 PM	Gathering encrypted functions
10/1/2014 1:00:36 PM	Gathering aggregates
10/1/2014 1:00:36 PM	Gathering procedures
10/1/2014 1:00:36 PM	Gathering encrypted procedures
10/1/2014 1:00:36 PM	Gathering tables
10/1/2014 1:00:36 PM	Gathering primary keys
10/1/2014 1:00:36 PM	Gathering unique constraints
10/1/2014 1:00:36 PM	Gathering foreign keys
10/1/2014 1:00:36 PM	Gathering default constraints
10/1/2014 1:00:36 PM	Gathering check constraints
10/1/2014 1:00:36 PM	Gathering views
10/1/2014 1:00:36 PM	Gathering encrypted views
10/1/2014 1:00:36 PM	Gathering indexes
10/1/2014 1:00:36 PM	Gathering statistics
10/1/2014 1:00:36 PM	Gathering full-text index stoplists
10/1/2014 1:00:36 PM	Gathering search property lists
10/1/2014 1:00:36 PM	Gathering search properties
10/1/2014 1:00:36 PM	Gathering full-text indexes
10/1/2014 1:00:36 PM	Gathering column store indexes
10/1/2014 1:00:36 PM	Gathering spatial indexes
10/1/2014 1:00:36 PM	Gathering XML indexes
10/1/2014 1:00:36 PM	Gathering Selective XML indexes
10/1/2014 1:00:36 PM	Gathering encrypted triggers
10/1/2014 1:00:36 PM	Gathering triggers
10/1/2014 1:00:36 PM	Gathering encrypted and clr ddl triggers
10/1/2014 1:00:36 PM	Gathering ddl triggers
10/1/2014 1:00:36 PM	Gathering synonyms
10/1/2014 1:00:36 PM	Gathering defaults
10/1/2014 1:00:36 PM	Gathering data constraint uddt bindings
10/1/2014 1:00:36 PM	Gathering rules
10/1/2014 1:00:36 PM	Gathering data constraint uddt bindings
10/1/2014 1:00:36 PM	Gathering message types
10/1/2014 1:00:36 PM	Gathering queues
10/1/2014 1:00:36 PM	Gathering contracts
10/1/2014 1:00:36 PM	Gathering services
10/1/2014 1:00:36 PM	Gathering event notifications
10/1/2014 1:00:36 PM	Gathering remote service bindings
10/1/2014 1:00:36 PM	Gathering broker priorities
10/1/2014 1:00:36 PM	Gathering signatures
10/1/2014 1:00:36 PM	Gathering data compression options
10/1/2014 1:00:36 PM	Gathering sequence types
10/1/2014 1:00:36 PM	Gathering extended properties
10/1/2014 1:00:36 PM	Gathering credentials
10/1/2014 1:00:36 PM	Gathering logins
10/1/2014 1:00:36 PM	Gathering server audits
10/1/2014 1:00:36 PM	Scanning project for duplicate elements
10/1/2014 1:00:36 PM	Finished duplicate element processing
10/1/2014 1:00:36 PM	Finished importing database.
10/1/2014 1:00:36 PM	A summary of the import was saved to the following location: D:\Work\Sakharau\InstantStore-Dev\Database\Import Schema Logs\Database_20141001080028.log
10/1/2014 1:00:37 PM	Click Finish to continue...
